{"/Users/sambernheim/either/src/index.ts": {"path":"/Users/sambernheim/either/src/index.ts","statementMap":{"0":{"start":{"line":2,"column":20},"end":{"line":2,"column":50}},"1":{"start":{"line":2,"column":46},"end":{"line":5,"column":2}},"2":{"start":{"line":2,"column":13},"end":{"line":2,"column":20}},"3":{"start":{"line":8,"column":21},"end":{"line":8,"column":53}},"4":{"start":{"line":8,"column":49},"end":{"line":11,"column":2}},"5":{"start":{"line":8,"column":13},"end":{"line":8,"column":21}},"6":{"start":{"line":16,"column":0},"end":{"line":16,"column":null}},"7":{"start":{"line":25,"column":8},"end":{"line":25,"column":27}},"8":{"start":{"line":26,"column":8},"end":{"line":26,"column":25}},"9":{"start":{"line":32,"column":4},"end":{"line":34,"column":null}},"10":{"start":{"line":33,"column":8},"end":{"line":33,"column":36}},"11":{"start":{"line":39,"column":4},"end":{"line":41,"column":null}},"12":{"start":{"line":40,"column":8},"end":{"line":40,"column":37}},"13":{"start":{"line":47,"column":4},"end":{"line":49,"column":null}},"14":{"start":{"line":48,"column":8},"end":{"line":48,"column":26}},"15":{"start":{"line":56,"column":4},"end":{"line":60,"column":null}},"16":{"start":{"line":57,"column":8},"end":{"line":59,"column":23}},"17":{"start":{"line":78,"column":4},"end":{"line":82,"column":null}},"18":{"start":{"line":79,"column":8},"end":{"line":81,"column":17}},"19":{"start":{"line":93,"column":4},"end":{"line":97,"column":null}},"20":{"start":{"line":94,"column":8},"end":{"line":96,"column":34}},"21":{"start":{"line":126,"column":11},"end":{"line":134,"column":null}},"22":{"start":{"line":131,"column":8},"end":{"line":133,"column":null}},"23":{"start":{"line":132,"column":12},"end":{"line":132,"column":34}},"24":{"start":{"line":152,"column":11},"end":{"line":160,"column":null}},"25":{"start":{"line":157,"column":8},"end":{"line":159,"column":null}},"26":{"start":{"line":158,"column":12},"end":{"line":158,"column":34}},"27":{"start":{"line":165,"column":4},"end":{"line":167,"column":null}},"28":{"start":{"line":211,"column":4},"end":{"line":225,"column":null}},"29":{"start":{"line":212,"column":8},"end":{"line":214,"column":null}},"30":{"start":{"line":213,"column":12},"end":{"line":213,"column":24}},"31":{"start":{"line":216,"column":8},"end":{"line":218,"column":null}},"32":{"start":{"line":217,"column":12},"end":{"line":217,"column":24}},"33":{"start":{"line":222,"column":31},"end":{"line":222,"column":69}},"34":{"start":{"line":224,"column":8},"end":{"line":224,"column":42}},"35":{"start":{"line":247,"column":4},"end":{"line":251,"column":null}},"36":{"start":{"line":248,"column":8},"end":{"line":250,"column":28}},"37":{"start":{"line":264,"column":4},"end":{"line":268,"column":null}},"38":{"start":{"line":265,"column":8},"end":{"line":267,"column":null}},"39":{"start":{"line":308,"column":11},"end":{"line":314,"column":null}},"40":{"start":{"line":311,"column":8},"end":{"line":313,"column":null}},"41":{"start":{"line":312,"column":12},"end":{"line":312,"column":38}},"42":{"start":{"line":350,"column":4},"end":{"line":362,"column":null}},"43":{"start":{"line":351,"column":8},"end":{"line":353,"column":null}},"44":{"start":{"line":352,"column":12},"end":{"line":352,"column":24}},"45":{"start":{"line":355,"column":23},"end":{"line":355,"column":37}},"46":{"start":{"line":357,"column":8},"end":{"line":359,"column":null}},"47":{"start":{"line":358,"column":12},"end":{"line":358,"column":26}},"48":{"start":{"line":361,"column":8},"end":{"line":361,"column":29}},"49":{"start":{"line":375,"column":4},"end":{"line":390,"column":null}},"50":{"start":{"line":377,"column":8},"end":{"line":379,"column":null}},"51":{"start":{"line":378,"column":12},"end":{"line":378,"column":24}},"52":{"start":{"line":383,"column":32},"end":{"line":383,"column":42}},"53":{"start":{"line":385,"column":8},"end":{"line":387,"column":null}},"54":{"start":{"line":386,"column":12},"end":{"line":386,"column":null}},"55":{"start":{"line":389,"column":8},"end":{"line":389,"column":20}},"56":{"start":{"line":417,"column":4},"end":{"line":430,"column":null}},"57":{"start":{"line":421,"column":8},"end":{"line":423,"column":null}},"58":{"start":{"line":422,"column":12},"end":{"line":422,"column":24}},"59":{"start":{"line":425,"column":8},"end":{"line":429,"column":null}},"60":{"start":{"line":426,"column":12},"end":{"line":426,"column":24}},"61":{"start":{"line":428,"column":12},"end":{"line":428,"column":31}},"62":{"start":{"line":440,"column":4},"end":{"line":451,"column":null}},"63":{"start":{"line":442,"column":8},"end":{"line":448,"column":null}},"64":{"start":{"line":448,"column":13},"end":{"line":448,"column":null}},"65":{"start":{"line":450,"column":8},"end":{"line":450,"column":45}},"66":{"start":{"line":459,"column":4},"end":{"line":467,"column":null}},"67":{"start":{"line":460,"column":24},"end":{"line":462,"column":18}},"68":{"start":{"line":464,"column":8},"end":{"line":464,"column":28}},"69":{"start":{"line":466,"column":8},"end":{"line":466,"column":20}},"70":{"start":{"line":473,"column":4},"end":{"line":477,"column":null}},"71":{"start":{"line":474,"column":8},"end":{"line":476,"column":25}},"72":{"start":{"line":483,"column":4},"end":{"line":487,"column":null}},"73":{"start":{"line":484,"column":8},"end":{"line":486,"column":41}},"74":{"start":{"line":499,"column":4},"end":{"line":503,"column":null}},"75":{"start":{"line":500,"column":8},"end":{"line":502,"column":35}},"76":{"start":{"line":508,"column":4},"end":{"line":510,"column":null}},"77":{"start":{"line":509,"column":8},"end":{"line":509,"column":31}},"78":{"start":{"line":538,"column":4},"end":{"line":540,"column":null}},"79":{"start":{"line":539,"column":8},"end":{"line":539,"column":34}},"80":{"start":{"line":569,"column":4},"end":{"line":573,"column":null}},"81":{"start":{"line":570,"column":8},"end":{"line":570,"column":34}},"82":{"start":{"line":572,"column":8},"end":{"line":572,"column":20}},"83":{"start":{"line":591,"column":11},"end":{"line":597,"column":null}},"84":{"start":{"line":592,"column":8},"end":{"line":596,"column":null}},"85":{"start":{"line":593,"column":12},"end":{"line":593,"column":52}},"86":{"start":{"line":595,"column":12},"end":{"line":595,"column":53}},"87":{"start":{"line":599,"column":0},"end":{"line":599,"column":null}}},"fnMap":{"0":{"name":"(anonymous_0)","decl":{"start":{"line":2,"column":20},"end":{"line":2,"column":24}},"loc":{"start":{"line":2,"column":32},"end":{"line":2,"column":50}}},"1":{"name":"(anonymous_1)","decl":{"start":{"line":8,"column":21},"end":{"line":8,"column":25}},"loc":{"start":{"line":8,"column":34},"end":{"line":8,"column":53}}},"2":{"name":"(anonymous_2)","decl":{"start":{"line":16,"column":0},"end":{"line":16,"column":null}},"loc":{"start":{"line":16,"column":0},"end":{"line":599,"column":null}}},"3":{"name":"Either","decl":{"start":{"line":24,"column":4},"end":{"line":24,"column":24}},"loc":{"start":{"line":24,"column":56},"end":{"line":27,"column":5}}},"4":{"name":"(anonymous_4)","decl":{"start":{"line":32,"column":4},"end":{"line":32,"column":10}},"loc":{"start":{"line":32,"column":4},"end":{"line":34,"column":5}}},"5":{"name":"(anonymous_5)","decl":{"start":{"line":39,"column":4},"end":{"line":39,"column":11}},"loc":{"start":{"line":39,"column":4},"end":{"line":41,"column":5}}},"6":{"name":"(anonymous_6)","decl":{"start":{"line":47,"column":4},"end":{"line":47,"column":7}},"loc":{"start":{"line":47,"column":4},"end":{"line":49,"column":5}}},"7":{"name":"(anonymous_7)","decl":{"start":{"line":56,"column":4},"end":{"line":56,"column":13}},"loc":{"start":{"line":56,"column":28},"end":{"line":60,"column":5}}},"8":{"name":"(anonymous_8)","decl":{"start":{"line":78,"column":4},"end":{"line":78,"column":10}},"loc":{"start":{"line":78,"column":36},"end":{"line":82,"column":5}}},"9":{"name":"(anonymous_9)","decl":{"start":{"line":93,"column":4},"end":{"line":93,"column":7}},"loc":{"start":{"line":93,"column":28},"end":{"line":97,"column":5}}},"10":{"name":"(anonymous_10)","decl":{"start":{"line":126,"column":4},"end":{"line":126,"column":11}},"loc":{"start":{"line":127,"column":25},"end":{"line":134,"column":5}}},"11":{"name":"(anonymous_11)","decl":{"start":{"line":131,"column":15},"end":{"line":131,"column":16}},"loc":{"start":{"line":131,"column":33},"end":{"line":133,"column":9}}},"12":{"name":"(anonymous_12)","decl":{"start":{"line":152,"column":4},"end":{"line":152,"column":11}},"loc":{"start":{"line":153,"column":25},"end":{"line":160,"column":5}}},"13":{"name":"(anonymous_13)","decl":{"start":{"line":157,"column":15},"end":{"line":157,"column":16}},"loc":{"start":{"line":157,"column":33},"end":{"line":159,"column":9}}},"14":{"name":"(anonymous_14)","decl":{"start":{"line":165,"column":4},"end":{"line":165,"column":9}},"loc":{"start":{"line":165,"column":4},"end":{"line":167,"column":5}}},"15":{"name":"(anonymous_15)","decl":{"start":{"line":211,"column":4},"end":{"line":211,"column":6}},"loc":{"start":{"line":211,"column":30},"end":{"line":225,"column":5}}},"16":{"name":"(anonymous_16)","decl":{"start":{"line":247,"column":4},"end":{"line":247,"column":8}},"loc":{"start":{"line":247,"column":50},"end":{"line":251,"column":5}}},"17":{"name":"(anonymous_17)","decl":{"start":{"line":264,"column":4},"end":{"line":264,"column":11}},"loc":{"start":{"line":264,"column":40},"end":{"line":268,"column":5}}},"18":{"name":"(anonymous_18)","decl":{"start":{"line":308,"column":4},"end":{"line":308,"column":11}},"loc":{"start":{"line":309,"column":33},"end":{"line":314,"column":5}}},"19":{"name":"(anonymous_19)","decl":{"start":{"line":311,"column":15},"end":{"line":311,"column":16}},"loc":{"start":{"line":311,"column":33},"end":{"line":313,"column":9}}},"20":{"name":"(anonymous_20)","decl":{"start":{"line":350,"column":4},"end":{"line":350,"column":8}},"loc":{"start":{"line":350,"column":41},"end":{"line":362,"column":5}}},"21":{"name":"(anonymous_21)","decl":{"start":{"line":375,"column":4},"end":{"line":375,"column":11}},"loc":{"start":{"line":375,"column":4},"end":{"line":390,"column":5}}},"22":{"name":"(anonymous_22)","decl":{"start":{"line":417,"column":4},"end":{"line":417,"column":16}},"loc":{"start":{"line":419,"column":28},"end":{"line":430,"column":5}}},"23":{"name":"(anonymous_23)","decl":{"start":{"line":440,"column":4},"end":{"line":440,"column":12}},"loc":{"start":{"line":448,"column":30},"end":{"line":451,"column":5}}},"24":{"name":"(anonymous_24)","decl":{"start":{"line":442,"column":8},"end":{"line":442,"column":null}},"loc":{"start":{"line":447,"column":18},"end":{"line":448,"column":19}}},"25":{"name":"(anonymous_25)","decl":{"start":{"line":459,"column":4},"end":{"line":459,"column":8}},"loc":{"start":{"line":459,"column":4},"end":{"line":467,"column":5}}},"26":{"name":"(anonymous_26)","decl":{"start":{"line":473,"column":4},"end":{"line":473,"column":11}},"loc":{"start":{"line":473,"column":4},"end":{"line":477,"column":5}}},"27":{"name":"(anonymous_27)","decl":{"start":{"line":483,"column":4},"end":{"line":483,"column":9}},"loc":{"start":{"line":483,"column":4},"end":{"line":487,"column":5}}},"28":{"name":"(anonymous_28)","decl":{"start":{"line":499,"column":4},"end":{"line":499,"column":12}},"loc":{"start":{"line":499,"column":4},"end":{"line":503,"column":5}}},"29":{"name":"(anonymous_29)","decl":{"start":{"line":508,"column":4},"end":{"line":508,"column":9}},"loc":{"start":{"line":508,"column":4},"end":{"line":510,"column":5}}},"30":{"name":"(anonymous_30)","decl":{"start":{"line":538,"column":4},"end":{"line":538,"column":7}},"loc":{"start":{"line":538,"column":4},"end":{"line":540,"column":5}}},"31":{"name":"(anonymous_31)","decl":{"start":{"line":569,"column":4},"end":{"line":569,"column":18}},"loc":{"start":{"line":569,"column":4},"end":{"line":573,"column":5}}},"32":{"name":"(anonymous_32)","decl":{"start":{"line":591,"column":4},"end":{"line":591,"column":11}},"loc":{"start":{"line":591,"column":47},"end":{"line":597,"column":5}}}},"branchMap":{"0":{"loc":{"start":{"line":58,"column":12},"end":{"line":58,"column":20}},"type":"cond-expr","locations":[{"start":{"line":58,"column":12},"end":{"line":58,"column":20}},{"start":{"line":59,"column":12},"end":{"line":59,"column":22}}]},"1":{"loc":{"start":{"line":80,"column":12},"end":{"line":80,"column":23}},"type":"cond-expr","locations":[{"start":{"line":80,"column":12},"end":{"line":80,"column":23}},{"start":{"line":81,"column":12},"end":{"line":81,"column":16}}]},"2":{"loc":{"start":{"line":95,"column":12},"end":{"line":95,"column":16}},"type":"cond-expr","locations":[{"start":{"line":95,"column":12},"end":{"line":95,"column":16}},{"start":{"line":96,"column":12},"end":{"line":96,"column":33}}]},"3":{"loc":{"start":{"line":212,"column":8},"end":{"line":214,"column":null}},"type":"if","locations":[{"start":{"line":212,"column":8},"end":{"line":214,"column":null}},{"start":{"line":212,"column":8},"end":{"line":214,"column":null}}]},"4":{"loc":{"start":{"line":216,"column":8},"end":{"line":218,"column":null}},"type":"if","locations":[{"start":{"line":216,"column":8},"end":{"line":218,"column":null}},{"start":{"line":216,"column":8},"end":{"line":218,"column":null}}]},"5":{"loc":{"start":{"line":249,"column":12},"end":{"line":249,"column":27}},"type":"cond-expr","locations":[{"start":{"line":249,"column":12},"end":{"line":249,"column":27}},{"start":{"line":250,"column":12},"end":{"line":250,"column":27}}]},"6":{"loc":{"start":{"line":266,"column":12},"end":{"line":266,"column":16}},"type":"cond-expr","locations":[{"start":{"line":266,"column":12},"end":{"line":266,"column":16}},{"start":{"line":267,"column":12},"end":{"line":267,"column":26}}]},"7":{"loc":{"start":{"line":351,"column":8},"end":{"line":353,"column":null}},"type":"if","locations":[{"start":{"line":351,"column":8},"end":{"line":353,"column":null}},{"start":{"line":351,"column":8},"end":{"line":353,"column":null}}]},"8":{"loc":{"start":{"line":357,"column":8},"end":{"line":359,"column":null}},"type":"if","locations":[{"start":{"line":357,"column":8},"end":{"line":359,"column":null}},{"start":{"line":357,"column":8},"end":{"line":359,"column":null}}]},"9":{"loc":{"start":{"line":377,"column":8},"end":{"line":379,"column":null}},"type":"if","locations":[{"start":{"line":377,"column":8},"end":{"line":379,"column":null}},{"start":{"line":377,"column":8},"end":{"line":379,"column":null}}]},"10":{"loc":{"start":{"line":385,"column":8},"end":{"line":387,"column":null}},"type":"if","locations":[{"start":{"line":385,"column":8},"end":{"line":387,"column":null}},{"start":{"line":385,"column":8},"end":{"line":387,"column":null}}]},"11":{"loc":{"start":{"line":421,"column":8},"end":{"line":423,"column":null}},"type":"if","locations":[{"start":{"line":421,"column":8},"end":{"line":423,"column":null}},{"start":{"line":421,"column":8},"end":{"line":423,"column":null}}]},"12":{"loc":{"start":{"line":425,"column":8},"end":{"line":429,"column":null}},"type":"if","locations":[{"start":{"line":425,"column":8},"end":{"line":429,"column":null}},{"start":{"line":425,"column":8},"end":{"line":429,"column":null}}]},"13":{"loc":{"start":{"line":442,"column":8},"end":{"line":448,"column":null}},"type":"if","locations":[{"start":{"line":442,"column":8},"end":{"line":448,"column":null}},{"start":{"line":442,"column":8},"end":{"line":448,"column":null}}]},"14":{"loc":{"start":{"line":461,"column":12},"end":{"line":461,"column":19}},"type":"cond-expr","locations":[{"start":{"line":461,"column":12},"end":{"line":461,"column":19}},{"start":{"line":462,"column":12},"end":{"line":462,"column":18}}]},"15":{"loc":{"start":{"line":475,"column":12},"end":{"line":475,"column":14}},"type":"cond-expr","locations":[{"start":{"line":475,"column":12},"end":{"line":475,"column":14}},{"start":{"line":476,"column":12},"end":{"line":476,"column":24}}]},"16":{"loc":{"start":{"line":485,"column":12},"end":{"line":485,"column":21}},"type":"cond-expr","locations":[{"start":{"line":485,"column":12},"end":{"line":485,"column":21}},{"start":{"line":486,"column":12},"end":{"line":486,"column":40}}]},"17":{"loc":{"start":{"line":501,"column":12},"end":{"line":501,"column":33}},"type":"cond-expr","locations":[{"start":{"line":501,"column":12},"end":{"line":501,"column":33}},{"start":{"line":502,"column":12},"end":{"line":502,"column":34}}]},"18":{"loc":{"start":{"line":592,"column":8},"end":{"line":596,"column":null}},"type":"if","locations":[{"start":{"line":592,"column":8},"end":{"line":596,"column":null}},{"start":{"line":592,"column":8},"end":{"line":596,"column":null}}]}},"s":{"0":1,"1":2,"2":1,"3":1,"4":0,"5":1,"6":1,"7":2,"8":2,"9":1,"10":1,"11":1,"12":0,"13":1,"14":0,"15":1,"16":0,"17":1,"18":0,"19":1,"20":1,"21":1,"22":0,"23":0,"24":1,"25":0,"26":0,"27":1,"28":1,"29":0,"30":0,"31":0,"32":0,"33":0,"34":0,"35":1,"36":0,"37":1,"38":0,"39":1,"40":0,"41":0,"42":1,"43":0,"44":0,"45":0,"46":0,"47":0,"48":0,"49":1,"50":0,"51":0,"52":0,"53":0,"54":0,"55":0,"56":1,"57":0,"58":0,"59":0,"60":0,"61":0,"62":1,"63":0,"64":0,"65":0,"66":1,"67":0,"68":0,"69":0,"70":1,"71":0,"72":1,"73":0,"74":1,"75":0,"76":1,"77":0,"78":1,"79":0,"80":1,"81":0,"82":0,"83":1,"84":0,"85":0,"86":0,"87":1},"f":{"0":2,"1":0,"2":1,"3":2,"4":1,"5":0,"6":0,"7":0,"8":0,"9":1,"10":0,"11":0,"12":0,"13":0,"14":0,"15":0,"16":0,"17":0,"18":0,"19":0,"20":0,"21":0,"22":0,"23":0,"24":0,"25":0,"26":0,"27":0,"28":0,"29":0,"30":0,"31":0,"32":0},"b":{"0":[0,0],"1":[0,0],"2":[1,0],"3":[0,0],"4":[0,0],"5":[0,0],"6":[0,0],"7":[0,0],"8":[0,0],"9":[0,0],"10":[0,0],"11":[0,0],"12":[0,0],"13":[0,0],"14":[0,0],"15":[0,0],"16":[0,0],"17":[0,0],"18":[0,0]}}
}
