TN:
SF:src/index.ts
FN:2,(anonymous_0)
FN:8,(anonymous_1)
FN:16,(anonymous_2)
FN:24,Either
FN:32,(anonymous_4)
FN:39,(anonymous_5)
FN:47,(anonymous_6)
FN:56,(anonymous_7)
FN:78,(anonymous_8)
FN:93,(anonymous_9)
FN:126,(anonymous_10)
FN:131,(anonymous_11)
FN:152,(anonymous_12)
FN:157,(anonymous_13)
FN:165,(anonymous_14)
FN:211,(anonymous_15)
FN:247,(anonymous_16)
FN:264,(anonymous_17)
FN:308,(anonymous_18)
FN:311,(anonymous_19)
FN:350,(anonymous_20)
FN:375,(anonymous_21)
FN:417,(anonymous_22)
FN:440,(anonymous_23)
FN:442,(anonymous_24)
FN:459,(anonymous_25)
FN:473,(anonymous_26)
FN:483,(anonymous_27)
FN:499,(anonymous_28)
FN:508,(anonymous_29)
FN:538,(anonymous_30)
FN:569,(anonymous_31)
FN:591,(anonymous_32)
FNF:33
FNH:5
FNDA:2,(anonymous_0)
FNDA:0,(anonymous_1)
FNDA:1,(anonymous_2)
FNDA:2,Either
FNDA:1,(anonymous_4)
FNDA:0,(anonymous_5)
FNDA:0,(anonymous_6)
FNDA:0,(anonymous_7)
FNDA:0,(anonymous_8)
FNDA:1,(anonymous_9)
FNDA:0,(anonymous_10)
FNDA:0,(anonymous_11)
FNDA:0,(anonymous_12)
FNDA:0,(anonymous_13)
FNDA:0,(anonymous_14)
FNDA:0,(anonymous_15)
FNDA:0,(anonymous_16)
FNDA:0,(anonymous_17)
FNDA:0,(anonymous_18)
FNDA:0,(anonymous_19)
FNDA:0,(anonymous_20)
FNDA:0,(anonymous_21)
FNDA:0,(anonymous_22)
FNDA:0,(anonymous_23)
FNDA:0,(anonymous_24)
FNDA:0,(anonymous_25)
FNDA:0,(anonymous_26)
FNDA:0,(anonymous_27)
FNDA:0,(anonymous_28)
FNDA:0,(anonymous_29)
FNDA:0,(anonymous_30)
FNDA:0,(anonymous_31)
FNDA:0,(anonymous_32)
DA:2,2
DA:8,1
DA:16,1
DA:25,2
DA:26,2
DA:32,1
DA:33,1
DA:39,1
DA:40,0
DA:47,1
DA:48,0
DA:56,1
DA:57,0
DA:78,1
DA:79,0
DA:93,1
DA:94,1
DA:126,1
DA:131,0
DA:132,0
DA:152,1
DA:157,0
DA:158,0
DA:165,1
DA:211,1
DA:212,0
DA:213,0
DA:216,0
DA:217,0
DA:222,0
DA:224,0
DA:247,1
DA:248,0
DA:264,1
DA:265,0
DA:308,1
DA:311,0
DA:312,0
DA:350,1
DA:351,0
DA:352,0
DA:355,0
DA:357,0
DA:358,0
DA:361,0
DA:375,1
DA:377,0
DA:378,0
DA:383,0
DA:385,0
DA:386,0
DA:389,0
DA:417,1
DA:421,0
DA:422,0
DA:425,0
DA:426,0
DA:428,0
DA:440,1
DA:442,0
DA:448,0
DA:450,0
DA:459,1
DA:460,0
DA:464,0
DA:466,0
DA:473,1
DA:474,0
DA:483,1
DA:484,0
DA:499,1
DA:500,0
DA:508,1
DA:509,0
DA:538,1
DA:539,0
DA:569,1
DA:570,0
DA:572,0
DA:591,1
DA:592,0
DA:593,0
DA:595,0
DA:599,1
LF:84
LH:33
BRDA:58,0,0,0
BRDA:58,0,1,0
BRDA:80,1,0,0
BRDA:80,1,1,0
BRDA:95,2,0,1
BRDA:95,2,1,0
BRDA:212,3,0,0
BRDA:212,3,1,0
BRDA:216,4,0,0
BRDA:216,4,1,0
BRDA:249,5,0,0
BRDA:249,5,1,0
BRDA:266,6,0,0
BRDA:266,6,1,0
BRDA:351,7,0,0
BRDA:351,7,1,0
BRDA:357,8,0,0
BRDA:357,8,1,0
BRDA:377,9,0,0
BRDA:377,9,1,0
BRDA:385,10,0,0
BRDA:385,10,1,0
BRDA:421,11,0,0
BRDA:421,11,1,0
BRDA:425,12,0,0
BRDA:425,12,1,0
BRDA:442,13,0,0
BRDA:442,13,1,0
BRDA:461,14,0,0
BRDA:461,14,1,0
BRDA:475,15,0,0
BRDA:475,15,1,0
BRDA:485,16,0,0
BRDA:485,16,1,0
BRDA:501,17,0,0
BRDA:501,17,1,0
BRDA:592,18,0,0
BRDA:592,18,1,0
BRF:38
BRH:1
end_of_record
